Compilation of the C compiler identification source "CMakeCCompilerId.c" did not produce an executable in "/home/se7en/Studia/3Semestr/lab/pk3/git/Projekt/cpp/debug/CMakeFiles/3.16.3/CompilerIdC".

Compiling the C compiler identification source file "CMakeCCompilerId.c" failed.
Compiler: /usr/bin/cpp 
Build flags: 
Id flags: -c 

The output was:
1
cpp: fatal error: ‘-c’ is not a valid option to the preprocessor
compilation terminated.


Compiling the C compiler identification source file "CMakeCCompilerId.c" failed.
Compiler: /usr/bin/cpp 
Build flags: 
Id flags: -Aa 

The output was:
1
<command-line>: error: missing '(' after predicate
# 1 "CMakeCCompilerId.c"
# 1 "<built-in>"
# 1 "<command-line>"
# 1 "/usr/include/stdc-predef.h" 1 3 4
# 1 "<command-line>" 2
# 1 "CMakeCCompilerId.c"
# 321 "CMakeCCompilerId.c"
char const* info_compiler = "INFO" ":" "compiler[" "GNU" "]";
# 567 "CMakeCCompilerId.c"
char const info_version[] = {
  'I', 'N', 'F', 'O', ':',
  'c','o','m','p','i','l','e','r','_','v','e','r','s','i','o','n','[',
  ('0' + (((9) / 10000000)%10)), ('0' + (((9) / 1000000)%10)), ('0' + (((9) / 100000)%10)), ('0' + (((9) / 10000)%10)), ('0' + (((9) / 1000)%10)), ('0' + (((9) / 100)%10)), ('0' + (((9) / 10)%10)), ('0' + ((9) % 10)),

  '.', ('0' + (((3) / 10000000)%10)), ('0' + (((3) / 1000000)%10)), ('0' + (((3) / 100000)%10)), ('0' + (((3) / 10000)%10)), ('0' + (((3) / 1000)%10)), ('0' + (((3) / 100)%10)), ('0' + (((3) / 10)%10)), ('0' + ((3) % 10)),

   '.', ('0' + (((0) / 10000000)%10)), ('0' + (((0) / 1000000)%10)), ('0' + (((0) / 100000)%10)), ('0' + (((0) / 10000)%10)), ('0' + (((0) / 1000)%10)), ('0' + (((0) / 100)%10)), ('0' + (((0) / 10)%10)), ('0' + ((0) % 10)),





  ']','\0'};
# 614 "CMakeCCompilerId.c"
char const* info_platform = "INFO" ":" "platform[" "Linux" "]";
char const* info_arch = "INFO" ":" "arch[" "]";
# 634 "CMakeCCompilerId.c"
const char* info_language_dialect_default =
  "INFO" ":" "dialect_default[" "11" "]";
# 645 "CMakeCCompilerId.c"
int main(int argc, char* argv[])

{
  int require = 0;
  require += info_compiler[argc];
  require += info_platform[argc];
  require += info_arch[argc];

  require += info_version[argc];
# 667 "CMakeCCompilerId.c"
  require += info_language_dialect_default[argc];
  (void)argv;
  return require;
}


Compilation of the C compiler identification source "CMakeCCompilerId.c" did not produce an executable in "/home/se7en/Studia/3Semestr/lab/pk3/git/Projekt/cpp/debug/CMakeFiles/3.16.3/CompilerIdC".

Compiling the C compiler identification source file "CMakeCCompilerId.c" failed.
Compiler: /usr/bin/cpp 
Build flags: 
Id flags: --target=arm-arm-none-eabi;-mcpu=cortex-m3 

The output was:
1
cpp: warning: ‘-mcpu=’ is deprecated; use ‘-mtune=’ or ‘-march=’ instead
cpp: error: unrecognized command line option ‘--target=arm-arm-none-eabi’


Compilation of the C compiler identification source "CMakeCCompilerId.c" did not produce an executable in "/home/se7en/Studia/3Semestr/lab/pk3/git/Projekt/cpp/debug/CMakeFiles/3.16.3/CompilerIdC".

Compiling the C compiler identification source file "CMakeCCompilerId.c" failed.
Compiler: /usr/bin/cpp 
Build flags: 
Id flags: -c 

The output was:
1
cpp: fatal error: ‘-c’ is not a valid option to the preprocessor
compilation terminated.


Compiling the C compiler identification source file "CMakeCCompilerId.c" failed.
Compiler: /usr/bin/cpp 
Build flags: 
Id flags: -Aa 

The output was:
1
<command-line>: error: missing '(' after predicate
# 1 "CMakeCCompilerId.c"
# 1 "<built-in>"
# 1 "<command-line>"
# 1 "/usr/include/stdc-predef.h" 1 3 4
# 1 "<command-line>" 2
# 1 "CMakeCCompilerId.c"
# 321 "CMakeCCompilerId.c"
char const* info_compiler = "INFO" ":" "compiler[" "GNU" "]";
# 567 "CMakeCCompilerId.c"
char const info_version[] = {
  'I', 'N', 'F', 'O', ':',
  'c','o','m','p','i','l','e','r','_','v','e','r','s','i','o','n','[',
  ('0' + (((9) / 10000000)%10)), ('0' + (((9) / 1000000)%10)), ('0' + (((9) / 100000)%10)), ('0' + (((9) / 10000)%10)), ('0' + (((9) / 1000)%10)), ('0' + (((9) / 100)%10)), ('0' + (((9) / 10)%10)), ('0' + ((9) % 10)),

  '.', ('0' + (((3) / 10000000)%10)), ('0' + (((3) / 1000000)%10)), ('0' + (((3) / 100000)%10)), ('0' + (((3) / 10000)%10)), ('0' + (((3) / 1000)%10)), ('0' + (((3) / 100)%10)), ('0' + (((3) / 10)%10)), ('0' + ((3) % 10)),

   '.', ('0' + (((0) / 10000000)%10)), ('0' + (((0) / 1000000)%10)), ('0' + (((0) / 100000)%10)), ('0' + (((0) / 10000)%10)), ('0' + (((0) / 1000)%10)), ('0' + (((0) / 100)%10)), ('0' + (((0) / 10)%10)), ('0' + ((0) % 10)),





  ']','\0'};
# 614 "CMakeCCompilerId.c"
char const* info_platform = "INFO" ":" "platform[" "Linux" "]";
char const* info_arch = "INFO" ":" "arch[" "]";
# 634 "CMakeCCompilerId.c"
const char* info_language_dialect_default =
  "INFO" ":" "dialect_default[" "11" "]";
# 645 "CMakeCCompilerId.c"
int main(int argc, char* argv[])

{
  int require = 0;
  require += info_compiler[argc];
  require += info_platform[argc];
  require += info_arch[argc];

  require += info_version[argc];
# 667 "CMakeCCompilerId.c"
  require += info_language_dialect_default[argc];
  (void)argv;
  return require;
}


Compilation of the C compiler identification source "CMakeCCompilerId.c" did not produce an executable in "/home/se7en/Studia/3Semestr/lab/pk3/git/Projekt/cpp/debug/CMakeFiles/3.16.3/CompilerIdC".

Compiling the C compiler identification source file "CMakeCCompilerId.c" failed.
Compiler: /usr/bin/cpp 
Build flags: 
Id flags: --target=arm-arm-none-eabi;-mcpu=cortex-m3 

The output was:
1
cpp: warning: ‘-mcpu=’ is deprecated; use ‘-mtune=’ or ‘-march=’ instead
cpp: error: unrecognized command line option ‘--target=arm-arm-none-eabi’


Checking whether the C compiler is IAR using "" terminated after 10 s due to timeout.Checking whether the C compiler is IAR using "" terminated after 10 s due to timeout.Determining if the C compiler works failed with the following output:
Change Dir: /home/se7en/Studia/3Semestr/lab/pk3/git/Projekt/cpp/debug/CMakeFiles/CMakeTmp

Run Build Command(s):/usr/bin/make cmTC_23752/fast && /usr/bin/make -f CMakeFiles/cmTC_23752.dir/build.make CMakeFiles/cmTC_23752.dir/build
make[1]: Entering directory '/home/se7en/Studia/3Semestr/lab/pk3/git/Projekt/cpp/debug/CMakeFiles/CMakeTmp'
Building C object CMakeFiles/cmTC_23752.dir/testCCompiler.c.o
/usr/bin/cpp    -o CMakeFiles/cmTC_23752.dir/testCCompiler.c.o   -c /home/se7en/Studia/3Semestr/lab/pk3/git/Projekt/cpp/debug/CMakeFiles/CMakeTmp/testCCompiler.c
cpp: fatal error: ‘-c’ is not a valid option to the preprocessor
compilation terminated.
make[1]: *** [CMakeFiles/cmTC_23752.dir/build.make:66: CMakeFiles/cmTC_23752.dir/testCCompiler.c.o] Error 1
make[1]: Leaving directory '/home/se7en/Studia/3Semestr/lab/pk3/git/Projekt/cpp/debug/CMakeFiles/CMakeTmp'
make: *** [Makefile:121: cmTC_23752/fast] Error 2



Compilation of the C compiler identification source "CMakeCCompilerId.c" did not produce an executable in "/home/se7en/Studia/3Semestr/lab/pk3/git/Projekt/cpp/debug/CMakeFiles/3.16.3/CompilerIdC".

Compiling the C compiler identification source file "CMakeCCompilerId.c" failed.
Compiler: /usr/bin/cpp 
Build flags: 
Id flags: -c 

The output was:
1
cpp: fatal error: ‘-c’ is not a valid option to the preprocessor
compilation terminated.


Compiling the C compiler identification source file "CMakeCCompilerId.c" failed.
Compiler: /usr/bin/cpp 
Build flags: 
Id flags: -Aa 

The output was:
1
<command-line>: error: missing '(' after predicate
# 1 "CMakeCCompilerId.c"
# 1 "<built-in>"
# 1 "<command-line>"
# 1 "/usr/include/stdc-predef.h" 1 3 4
# 1 "<command-line>" 2
# 1 "CMakeCCompilerId.c"
# 321 "CMakeCCompilerId.c"
char const* info_compiler = "INFO" ":" "compiler[" "GNU" "]";
# 567 "CMakeCCompilerId.c"
char const info_version[] = {
  'I', 'N', 'F', 'O', ':',
  'c','o','m','p','i','l','e','r','_','v','e','r','s','i','o','n','[',
  ('0' + (((9) / 10000000)%10)), ('0' + (((9) / 1000000)%10)), ('0' + (((9) / 100000)%10)), ('0' + (((9) / 10000)%10)), ('0' + (((9) / 1000)%10)), ('0' + (((9) / 100)%10)), ('0' + (((9) / 10)%10)), ('0' + ((9) % 10)),

  '.', ('0' + (((3) / 10000000)%10)), ('0' + (((3) / 1000000)%10)), ('0' + (((3) / 100000)%10)), ('0' + (((3) / 10000)%10)), ('0' + (((3) / 1000)%10)), ('0' + (((3) / 100)%10)), ('0' + (((3) / 10)%10)), ('0' + ((3) % 10)),

   '.', ('0' + (((0) / 10000000)%10)), ('0' + (((0) / 1000000)%10)), ('0' + (((0) / 100000)%10)), ('0' + (((0) / 10000)%10)), ('0' + (((0) / 1000)%10)), ('0' + (((0) / 100)%10)), ('0' + (((0) / 10)%10)), ('0' + ((0) % 10)),





  ']','\0'};
# 614 "CMakeCCompilerId.c"
char const* info_platform = "INFO" ":" "platform[" "Linux" "]";
char const* info_arch = "INFO" ":" "arch[" "]";
# 634 "CMakeCCompilerId.c"
const char* info_language_dialect_default =
  "INFO" ":" "dialect_default[" "11" "]";
# 645 "CMakeCCompilerId.c"
int main(int argc, char* argv[])

{
  int require = 0;
  require += info_compiler[argc];
  require += info_platform[argc];
  require += info_arch[argc];

  require += info_version[argc];
# 667 "CMakeCCompilerId.c"
  require += info_language_dialect_default[argc];
  (void)argv;
  return require;
}


Compilation of the C compiler identification source "CMakeCCompilerId.c" did not produce an executable in "/home/se7en/Studia/3Semestr/lab/pk3/git/Projekt/cpp/debug/CMakeFiles/3.16.3/CompilerIdC".

Compiling the C compiler identification source file "CMakeCCompilerId.c" failed.
Compiler: /usr/bin/cpp 
Build flags: 
Id flags: --target=arm-arm-none-eabi;-mcpu=cortex-m3 

The output was:
1
cpp: warning: ‘-mcpu=’ is deprecated; use ‘-mtune=’ or ‘-march=’ instead
cpp: error: unrecognized command line option ‘--target=arm-arm-none-eabi’


Compilation of the C compiler identification source "CMakeCCompilerId.c" did not produce an executable in "/home/se7en/Studia/3Semestr/lab/pk3/git/Projekt/cpp/debug/CMakeFiles/3.16.3/CompilerIdC".

Compiling the C compiler identification source file "CMakeCCompilerId.c" failed.
Compiler: /usr/bin/cpp 
Build flags: 
Id flags: -c 

The output was:
1
cpp: fatal error: ‘-c’ is not a valid option to the preprocessor
compilation terminated.


Compiling the C compiler identification source file "CMakeCCompilerId.c" failed.
Compiler: /usr/bin/cpp 
Build flags: 
Id flags: -Aa 

The output was:
1
<command-line>: error: missing '(' after predicate
# 1 "CMakeCCompilerId.c"
# 1 "<built-in>"
# 1 "<command-line>"
# 1 "/usr/include/stdc-predef.h" 1 3 4
# 1 "<command-line>" 2
# 1 "CMakeCCompilerId.c"
# 321 "CMakeCCompilerId.c"
char const* info_compiler = "INFO" ":" "compiler[" "GNU" "]";
# 567 "CMakeCCompilerId.c"
char const info_version[] = {
  'I', 'N', 'F', 'O', ':',
  'c','o','m','p','i','l','e','r','_','v','e','r','s','i','o','n','[',
  ('0' + (((9) / 10000000)%10)), ('0' + (((9) / 1000000)%10)), ('0' + (((9) / 100000)%10)), ('0' + (((9) / 10000)%10)), ('0' + (((9) / 1000)%10)), ('0' + (((9) / 100)%10)), ('0' + (((9) / 10)%10)), ('0' + ((9) % 10)),

  '.', ('0' + (((3) / 10000000)%10)), ('0' + (((3) / 1000000)%10)), ('0' + (((3) / 100000)%10)), ('0' + (((3) / 10000)%10)), ('0' + (((3) / 1000)%10)), ('0' + (((3) / 100)%10)), ('0' + (((3) / 10)%10)), ('0' + ((3) % 10)),

   '.', ('0' + (((0) / 10000000)%10)), ('0' + (((0) / 1000000)%10)), ('0' + (((0) / 100000)%10)), ('0' + (((0) / 10000)%10)), ('0' + (((0) / 1000)%10)), ('0' + (((0) / 100)%10)), ('0' + (((0) / 10)%10)), ('0' + ((0) % 10)),





  ']','\0'};
# 614 "CMakeCCompilerId.c"
char const* info_platform = "INFO" ":" "platform[" "Linux" "]";
char const* info_arch = "INFO" ":" "arch[" "]";
# 634 "CMakeCCompilerId.c"
const char* info_language_dialect_default =
  "INFO" ":" "dialect_default[" "11" "]";
# 645 "CMakeCCompilerId.c"
int main(int argc, char* argv[])

{
  int require = 0;
  require += info_compiler[argc];
  require += info_platform[argc];
  require += info_arch[argc];

  require += info_version[argc];
# 667 "CMakeCCompilerId.c"
  require += info_language_dialect_default[argc];
  (void)argv;
  return require;
}


Compilation of the C compiler identification source "CMakeCCompilerId.c" did not produce an executable in "/home/se7en/Studia/3Semestr/lab/pk3/git/Projekt/cpp/debug/CMakeFiles/3.16.3/CompilerIdC".

Compiling the C compiler identification source file "CMakeCCompilerId.c" failed.
Compiler: /usr/bin/cpp 
Build flags: 
Id flags: --target=arm-arm-none-eabi;-mcpu=cortex-m3 

The output was:
1
cpp: warning: ‘-mcpu=’ is deprecated; use ‘-mtune=’ or ‘-march=’ instead
cpp: error: unrecognized command line option ‘--target=arm-arm-none-eabi’


Checking whether the C compiler is IAR using "" terminated after 10 s due to timeout.Checking whether the C compiler is IAR using "" terminated after 10 s due to timeout.Determining if the C compiler works failed with the following output:
Change Dir: /home/se7en/Studia/3Semestr/lab/pk3/git/Projekt/cpp/debug/CMakeFiles/CMakeTmp

Run Build Command(s):/usr/bin/make cmTC_0d6b1/fast && /usr/bin/make -f CMakeFiles/cmTC_0d6b1.dir/build.make CMakeFiles/cmTC_0d6b1.dir/build
make[1]: Entering directory '/home/se7en/Studia/3Semestr/lab/pk3/git/Projekt/cpp/debug/CMakeFiles/CMakeTmp'
Building C object CMakeFiles/cmTC_0d6b1.dir/testCCompiler.c.o
/usr/bin/cpp    -o CMakeFiles/cmTC_0d6b1.dir/testCCompiler.c.o   -c /home/se7en/Studia/3Semestr/lab/pk3/git/Projekt/cpp/debug/CMakeFiles/CMakeTmp/testCCompiler.c
cpp: fatal error: ‘-c’ is not a valid option to the preprocessor
compilation terminated.
make[1]: *** [CMakeFiles/cmTC_0d6b1.dir/build.make:66: CMakeFiles/cmTC_0d6b1.dir/testCCompiler.c.o] Error 1
make[1]: Leaving directory '/home/se7en/Studia/3Semestr/lab/pk3/git/Projekt/cpp/debug/CMakeFiles/CMakeTmp'
make: *** [Makefile:121: cmTC_0d6b1/fast] Error 2



